Arguments: 
  /usr/local/bin/node /usr/local/Cellar/yarn/1.19.1/libexec/bin/yarn.js init

PATH: 
  /Library/Frameworks/Python.framework/Versions/2.7/bin:/Library/Frameworks/Python.framework/Versions/3.6/bin:/anaconda3/bin:/usr/local/bin:/usr/bin:/bin:/usr/sbin:/sbin:/usr/local/share/dotnet:/opt/X11/bin:~/.dotnet/tools:/Library/Frameworks/Mono.framework/Versions/Current/Commands

Yarn version: 
  1.19.1

Node version: 
  10.16.3

Platform: 
  darwin x64

Trace: 
  SyntaxError: /Users/ryaneisenbarth/Desktop/WebApp/WebAppProgramming/HomeWork4/MyFirstFireBase/package.json: Unexpected token } in JSON at position 113
      at JSON.parse (<anonymous>)
      at /usr/local/Cellar/yarn/1.19.1/libexec/lib/cli.js:1625:59
      at Generator.next (<anonymous>)
      at step (/usr/local/Cellar/yarn/1.19.1/libexec/lib/cli.js:304:30)
      at /usr/local/Cellar/yarn/1.19.1/libexec/lib/cli.js:315:13

npm manifest: 
  {
    "name": "RyanEisenbarth",
    "version": "1.0.0",
    "main": "index.js",
    "license": "MIT",
    "RyanEisenbarth"
  }

yarn manifest: 
  No manifest

Lockfile: 
  No lockfile
